<?xml version="1.0" encoding="UTF-8"?>
<testsuite xmlns:xsi="http://www.w3.org/2001/XMLSchema-instance" xsi:noNamespaceSchemaLocation="https://maven.apache.org/surefire/maven-surefire-plugin/xsd/surefire-test-report-3.0.xsd" version="3.0" name="com.ogutdeniz.flightservice.FlightServiceApplicationTests" time="5.962" tests="1" errors="0" skipped="0" failures="0">
  <properties>
[...]
</properties>
  <testcase name="contextLoads" classname="com.ogutdeniz.flightservice.FlightServiceApplicationTests" time="0.458">
    <system-out><![CDATA[13:18:05.216 [main] INFO org.springframework.test.context.support.AnnotationConfigContextLoaderUtils -- Could not detect default configuration classes for test class [com.ogutdeniz.flightservice.FlightServiceApplicationTests]: FlightServiceApplicationTests does not declare any static, non-private, non-final, nested classes annotated with @Configuration.
13:18:05.303 [main] INFO org.springframework.boot.test.context.SpringBootTestContextBootstrapper -- Found @SpringBootConfiguration com.ogutdeniz.flightservice.FlightServiceApplication for test class com.ogutdeniz.flightservice.FlightServiceApplicationTests

  .   ____          _            __ _ _
 /\\ / ___'_ __ _ _(_)_ __  __ _ \ \ \ \
( ( )\___ | '_ | '_| | '_ \/ _` | \ \ \ \
 \\/  ___)| |_)| | | | | || (_| |  ) ) ) )
  '  |____| .__|_| |_|_| |_\__, | / / / /
 =========|_|==============|___/=/_/_/_/
 :: Spring Boot ::                (v3.1.5)

2023-11-11T13:18:05.696+03:00  INFO 1920 --- [           main] c.o.f.FlightServiceApplicationTests      : Starting FlightServiceApplicationTests using Java 17.0.9 with PID 1920 (started by Deniz in C:\Users\Deniz\Desktop\Travel and Tourism Management Application\flight-service)
2023-11-11T13:18:05.698+03:00  INFO 1920 --- [           main] c.o.f.FlightServiceApplicationTests      : No active profile set, falling back to 1 default profile: "default"
2023-11-11T13:18:06.386+03:00  INFO 1920 --- [           main] .s.d.r.c.RepositoryConfigurationDelegate : Bootstrapping Spring Data JPA repositories in DEFAULT mode.
2023-11-11T13:18:06.516+03:00  INFO 1920 --- [           main] .s.d.r.c.RepositoryConfigurationDelegate : Finished Spring Data repository scanning in 120 ms. Found 1 JPA repository interfaces.
2023-11-11T13:18:06.741+03:00  INFO 1920 --- [           main] o.s.cloud.context.scope.GenericScope     : BeanFactory id=645fcba7-d600-35ac-a07a-87e41df52b0d
2023-11-11T13:18:06.808+03:00  INFO 1920 --- [           main] trationDelegate$BeanPostProcessorChecker : Bean 'com.ogutdeniz.flightservice.client.LocationClient' of type [org.springframework.cloud.openfeign.FeignClientFactoryBean] is not eligible for getting processed by all BeanPostProcessors (for example: not eligible for auto-proxying)
2023-11-11T13:18:06.977+03:00  INFO 1920 --- [           main] o.hibernate.jpa.internal.util.LogHelper  : HHH000204: Processing PersistenceUnitInfo [name: default]
2023-11-11T13:18:07.037+03:00  INFO 1920 --- [           main] org.hibernate.Version                    : HHH000412: Hibernate ORM core version 6.2.13.Final
2023-11-11T13:18:07.039+03:00  INFO 1920 --- [           main] org.hibernate.cfg.Environment            : HHH000406: Using bytecode reflection optimizer
2023-11-11T13:18:07.328+03:00  INFO 1920 --- [           main] o.s.o.j.p.SpringPersistenceUnitInfo      : No LoadTimeWeaver setup: ignoring JPA class transformer
2023-11-11T13:18:07.355+03:00  INFO 1920 --- [           main] com.zaxxer.hikari.HikariDataSource       : HikariPool-1 - Starting...
2023-11-11T13:18:07.530+03:00  INFO 1920 --- [           main] com.zaxxer.hikari.pool.HikariPool        : HikariPool-1 - Added connection org.postgresql.jdbc.PgConnection@5bb99d1d
2023-11-11T13:18:07.533+03:00  INFO 1920 --- [           main] com.zaxxer.hikari.HikariDataSource       : HikariPool-1 - Start completed.
2023-11-11T13:18:07.561+03:00  WARN 1920 --- [           main] org.hibernate.orm.deprecation            : HHH90000025: PostgreSQLDialect does not need to be specified explicitly using 'hibernate.dialect' (remove the property setting and it will be selected by default)
2023-11-11T13:18:08.270+03:00  INFO 1920 --- [           main] o.h.e.t.j.p.i.JtaPlatformInitiator       : HHH000489: No JTA platform available (set 'hibernate.transaction.jta.platform' to enable JTA platform integration)
2023-11-11T13:18:08.311+03:00  INFO 1920 --- [           main] j.LocalContainerEntityManagerFactoryBean : Initialized JPA EntityManagerFactory for persistence unit 'default'
2023-11-11T13:18:08.734+03:00  WARN 1920 --- [           main] JpaBaseConfiguration$JpaWebConfiguration : spring.jpa.open-in-view is enabled by default. Therefore, database queries may be performed during view rendering. Explicitly configure spring.jpa.open-in-view to disable this warning
2023-11-11T13:18:10.068+03:00  INFO 1920 --- [           main] DiscoveryClientOptionalArgsConfiguration : Eureka HTTP Client uses RestTemplate.
2023-11-11T13:18:10.126+03:00  WARN 1920 --- [           main] iguration$LoadBalancerCaffeineWarnLogger : Spring Cloud LoadBalancer is currently working with the default cache. While this cache implementation is useful for development and tests, it's recommended to use Caffeine cache in production.You can switch to using Caffeine cache, by adding it and org.springframework.cache.caffeine.CaffeineCacheManager to the classpath.
2023-11-11T13:18:10.148+03:00  INFO 1920 --- [           main] o.s.c.n.eureka.InstanceInfoFactory       : Setting initial instance status as: STARTING
2023-11-11T13:18:10.218+03:00  INFO 1920 --- [           main] com.netflix.discovery.DiscoveryClient    : Initializing Eureka in region us-east-1
2023-11-11T13:18:10.222+03:00  INFO 1920 --- [           main] c.n.d.s.r.aws.ConfigClusterResolver      : Resolving eureka endpoints via configuration
2023-11-11T13:18:10.241+03:00  INFO 1920 --- [           main] com.netflix.discovery.DiscoveryClient    : Disable delta property : false
2023-11-11T13:18:10.241+03:00  INFO 1920 --- [           main] com.netflix.discovery.DiscoveryClient    : Single vip registry refresh property : null
2023-11-11T13:18:10.241+03:00  INFO 1920 --- [           main] com.netflix.discovery.DiscoveryClient    : Force full registry fetch : false
2023-11-11T13:18:10.241+03:00  INFO 1920 --- [           main] com.netflix.discovery.DiscoveryClient    : Application is null : false
2023-11-11T13:18:10.242+03:00  INFO 1920 --- [           main] com.netflix.discovery.DiscoveryClient    : Registered Applications size is zero : true
2023-11-11T13:18:10.242+03:00  INFO 1920 --- [           main] com.netflix.discovery.DiscoveryClient    : Application version is -1: true
2023-11-11T13:18:10.242+03:00  INFO 1920 --- [           main] com.netflix.discovery.DiscoveryClient    : Getting all instance registry info from the eureka server
2023-11-11T13:18:10.534+03:00  INFO 1920 --- [           main] com.netflix.discovery.DiscoveryClient    : The response status is 200
2023-11-11T13:18:10.536+03:00  INFO 1920 --- [           main] com.netflix.discovery.DiscoveryClient    : Starting heartbeat executor: renew interval is: 30
2023-11-11T13:18:10.538+03:00  INFO 1920 --- [           main] c.n.discovery.InstanceInfoReplicator     : InstanceInfoReplicator onDemand update allowed rate per min is 4
2023-11-11T13:18:10.542+03:00  INFO 1920 --- [           main] com.netflix.discovery.DiscoveryClient    : Discovery Client initialized at timestamp 1699697890542 with initial instances count: 3
2023-11-11T13:18:10.545+03:00  INFO 1920 --- [           main] o.s.c.n.e.s.EurekaServiceRegistry        : Registering application FLIGHT-SERVICE with eureka with status UP
2023-11-11T13:18:10.546+03:00  INFO 1920 --- [           main] com.netflix.discovery.DiscoveryClient    : Saw local status change event StatusChangeEvent [timestamp=1699697890546, current=UP, previous=STARTING]
2023-11-11T13:18:10.547+03:00  INFO 1920 --- [nfoReplicator-0] com.netflix.discovery.DiscoveryClient    : DiscoveryClient_FLIGHT-SERVICE/host.docker.internal:FLIGHT-SERVICE:8084: registering service...
2023-11-11T13:18:10.557+03:00  INFO 1920 --- [           main] c.o.f.FlightServiceApplicationTests      : Started FlightServiceApplicationTests in 5.122 seconds (process running for 6.018)
2023-11-11T13:18:10.584+03:00  INFO 1920 --- [nfoReplicator-0] com.netflix.discovery.DiscoveryClient    : DiscoveryClient_FLIGHT-SERVICE/host.docker.internal:FLIGHT-SERVICE:8084 - registration status: 204
]]></system-out>
  </testcase>
</testsuite>